Using TensorFlow backend.
WARNING:tensorflow:From /anaconda3/lib/python3.6/site-packages/keras/backend/tensorflow_backend.py:1205: calling reduce_prod (from tensorflow.python.ops.math_ops) with keep_dims is deprecated and will be removed in a future version.
Instructions for updating:
keep_dims is deprecated, use keepdims instead
WARNING:tensorflow:From /anaconda3/lib/python3.6/site-packages/keras/backend/tensorflow_backend.py:1188: calling reduce_sum (from tensorflow.python.ops.math_ops) with keep_dims is deprecated and will be removed in a future version.
Instructions for updating:
keep_dims is deprecated, use keepdims instead
WARNING:tensorflow:From /anaconda3/lib/python3.6/site-packages/keras/backend/tensorflow_backend.py:1154: calling reduce_max (from tensorflow.python.ops.math_ops) with keep_dims is deprecated and will be removed in a future version.
Instructions for updating:
keep_dims is deprecated, use keepdims instead
WARNING:tensorflow:From /anaconda3/lib/python3.6/site-packages/keras/backend/tensorflow_backend.py:1290: calling reduce_mean (from tensorflow.python.ops.math_ops) with keep_dims is deprecated and will be removed in a future version.
Instructions for updating:
keep_dims is deprecated, use keepdims instead
2018-04-02 18:08:35.998267: I tensorflow/core/platform/cpu_feature_guard.cc:140] Your CPU supports instructions that this TensorFlow binary was not compiled to use: AVX2 FMA
____________________________________________________________________________________________________
Layer (type)                     Output Shape          Param #     Connected to                     
====================================================================================================
the_input (InputLayer)           (None, 32, None, 1)   0                                            
____________________________________________________________________________________________________
conv1 (Conv2D)                   (None, 32, None, 64)  640         the_input[0][0]                  
____________________________________________________________________________________________________
pool1 (MaxPooling2D)             (None, 16, None, 64)  0           conv1[0][0]                      
____________________________________________________________________________________________________
conv2 (Conv2D)                   (None, 16, None, 128) 73856       pool1[0][0]                      
____________________________________________________________________________________________________
pool2 (MaxPooling2D)             (None, 8, None, 128)  0           conv2[0][0]                      
____________________________________________________________________________________________________
conv3 (Conv2D)                   (None, 8, None, 256)  295168      pool2[0][0]                      
____________________________________________________________________________________________________
conv4 (Conv2D)                   (None, 8, None, 256)  590080      conv3[0][0]                      
____________________________________________________________________________________________________
zero_padding2d_1 (ZeroPadding2D) (None, 8, None, 256)  0           conv4[0][0]                      
____________________________________________________________________________________________________
pool3 (MaxPooling2D)             (None, 4, None, 256)  0           zero_padding2d_1[0][0]           
____________________________________________________________________________________________________
conv5 (Conv2D)                   (None, 4, None, 512)  1180160     pool3[0][0]                      
____________________________________________________________________________________________________
batch_normalization_1 (BatchNorm (None, 4, None, 512)  16          conv5[0][0]                      
____________________________________________________________________________________________________
conv6 (Conv2D)                   (None, 4, None, 512)  2359808     batch_normalization_1[0][0]      
____________________________________________________________________________________________________
batch_normalization_2 (BatchNorm (None, 4, None, 512)  16          conv6[0][0]                      
____________________________________________________________________________________________________
zero_padding2d_2 (ZeroPadding2D) (None, 4, None, 512)  0           batch_normalization_2[0][0]      
____________________________________________________________________________________________________
pool4 (MaxPooling2D)             (None, 2, None, 512)  0           zero_padding2d_2[0][0]           
____________________________________________________________________________________________________
conv7 (Conv2D)                   (None, 1, None, 512)  1049088     pool4[0][0]                      
____________________________________________________________________________________________________
permute (Permute)                (None, None, 1, 512)  0           conv7[0][0]                      
____________________________________________________________________________________________________
timedistrib (TimeDistributed)    (None, None, 512)     0           permute[0][0]                    
____________________________________________________________________________________________________
blstm1 (Bidirectional)           (None, None, 512)     1181184     timedistrib[0][0]                
____________________________________________________________________________________________________
blstm1_out (Dense)               (None, None, 256)     131328      blstm1[0][0]                     
____________________________________________________________________________________________________
blstm2 (Bidirectional)           (None, None, 512)     787968      blstm1_out[0][0]                 
____________________________________________________________________________________________________
blstm2_out (Dense)               (None, None, 5531)    2837403     blstm2[0][0]                     
____________________________________________________________________________________________________
the_labels (InputLayer)          (None, None)          0                                            
____________________________________________________________________________________________________
input_length (InputLayer)        (None, 1)             0                                            
____________________________________________________________________________________________________
label_length (InputLayer)        (None, 1)             0                                            
____________________________________________________________________________________________________
ctc (Lambda)                     (None, 1)             0           blstm2_out[0][0]                 
                                                                   the_labels[0][0]                 
                                                                   input_length[0][0]               
                                                                   label_length[0][0]               
====================================================================================================
Total params: 10,486,715
Trainable params: 10,486,699
Non-trainable params: 16
____________________________________________________________________________________________________
nSamples:200
nSamples:72
WARNING:tensorflow:Variable *= will be deprecated. Use variable.assign_mul if you want assignment to the variable value or 'x = x * y' if you want a new python Tensor object.
16/16 [==============================] - 2s
step:0,loss:1000,crrentLoss:1.0829566717147827
save model:
Traceback (most recent call last):
  File "trainbatch.py", line 92, in <module>
    basemodel.save(path)
  File "/anaconda3/lib/python3.6/site-packages/keras/engine/topology.py", line 2553, in save
    save_model(self, filepath, overwrite, include_optimizer)
  File "/anaconda3/lib/python3.6/site-packages/keras/models.py", line 102, in save_model
    with h5py.File(filepath, mode='w') as f:
  File "/anaconda3/lib/python3.6/site-packages/h5py/_hl/files.py", line 269, in __init__
    fid = make_fid(name, mode, userblock_size, fapl, swmr=swmr)
  File "/anaconda3/lib/python3.6/site-packages/h5py/_hl/files.py", line 105, in make_fid
    fid = h5f.create(name, h5f.ACC_TRUNC, fapl=fapl, fcpl=fcpl)
  File "h5py/_objects.pyx", line 54, in h5py._objects.with_phil.wrapper
  File "h5py/_objects.pyx", line 55, in h5py._objects.with_phil.wrapper
  File "h5py/h5f.pyx", line 98, in h5py.h5f.create
OSError: Unable to create file (unable to open file: name = 'save_model/model1.0829566717147827.h5', errno = 2, error message = 'No such file or directory', flags = 13, o_flags = 602)
